<?xml version="1.0" encoding="UTF-8"?>
<!-- Generated by org.testng.reporters.JUnitReportReporter -->
<testsuite hostname="NohaHegazy" failures="0" tests="1" name="TestNG_Package.TestRandom2" time="0.001" errors="0" timestamp="10 Nov 2023 18:49:54 GMT" skipped="0">
  <testcase classname="TestNG_Package.TestRandom2" name="print" time="0.001"/>
</testsuite> <!-- TestNG_Package.TestRandom2 -->
