<?xml version="1.0" encoding="UTF-8"?>
<!-- Generated by org.testng.reporters.JUnitReportReporter -->
<testsuite hostname="NohaHegazy" failures="0" tests="78" name="TestNG_Package.SubscriptionPage" time="38.292" errors="0" timestamp="12 Nov 2023 14:52:29 GMT" skipped="0">
  <testcase classname="TestNG_Package.SubscriptionPage" name="ValidateThat_Lite_PackageDisplayedSuccessfully" time="0.181"/>
  <testcase classname="TestNG_Package.SubscriptionPage" name="ValidateThatSubscriptionsPageOpensSuccessfully_And_HaveCorrectCountryName" time="2.944"/>
  <testcase classname="TestNG_Package.SubscriptionPage" name="ValidateThat_Classic_PackageDisplayedSuccessfully" time="0.199"/>
  <testcase classname="TestNG_Package.SubscriptionPage" name="ValidateThatSubscriptionsPageOpensSuccessfully_And_HaveCorrectCountryName" time="3.530"/>
  <testcase classname="TestNG_Package.SubscriptionPage" name="ValidateThat_Premium_PackageDisplayedSuccessfully" time="0.129"/>
  <testcase classname="TestNG_Package.SubscriptionPage" name="ValidateThat_Premium_PackageDisplayedSuccessfully" time="0.109"/>
  <testcase classname="TestNG_Package.SubscriptionPage" name="ValidateThat_Classic_PackageDisplayedSuccessfully" time="0.239"/>
  <testcase classname="TestNG_Package.SubscriptionPage" name="ValidateThat_Premium_PackageDisplayedSuccessfully" time="0.116"/>
  <testcase classname="TestNG_Package.SubscriptionPage" name="ValidateThat_Premium_PackageDisplayedSuccessfully" time="0.132"/>
  <testcase classname="TestNG_Package.SubscriptionPage" name="ValidateThat_AddOns_SectionDisplayedSuccessfully" time="0.028"/>
  <testcase classname="TestNG_Package.SubscriptionPage" name="ValidateThat_AddOns_SectionDisplayedSuccessfully" time="0.030"/>
  <testcase classname="TestNG_Package.SubscriptionPage" name="ValidateThatSubscriptionsPageOpensSuccessfully_And_HaveCorrectCountryName" time="2.178"/>
  <testcase classname="TestNG_Package.SubscriptionPage" name="ValidateThat_GiftCard_SectionDisplayedSuccessfully" time="0.031"/>
  <testcase classname="TestNG_Package.SubscriptionPage" name="ValidateThat_Lite_PackageDisplayedSuccessfully" time="0.193"/>
  <testcase classname="TestNG_Package.SubscriptionPage" name="ValidateThat_Classic_PackageDisplayedSuccessfully" time="0.197"/>
  <testcase classname="TestNG_Package.SubscriptionPage" name="ValidateThat_Classic_PackageDisplayedSuccessfully" time="0.213"/>
  <testcase classname="TestNG_Package.SubscriptionPage" name="ValidateThat_GiftCard_SectionDisplayedSuccessfully" time="0.020"/>
  <testcase classname="TestNG_Package.SubscriptionPage" name="ValidateThatSubscriptionsPageOpensSuccessfully_And_HaveCorrectCountryName" time="2.554"/>
  <testcase classname="TestNG_Package.SubscriptionPage" name="ValidateThat_GiftCard_SectionDisplayedSuccessfully" time="0.026"/>
  <testcase classname="TestNG_Package.SubscriptionPage" name="ValidateThat_GiftCard_SectionDisplayedSuccessfully" time="0.020"/>
  <testcase classname="TestNG_Package.SubscriptionPage" name="ValidateThat_Premium_PackageDisplayedSuccessfully" time="0.105"/>
  <testcase classname="TestNG_Package.SubscriptionPage" name="ValidateThat_AddOns_SectionDisplayedSuccessfully" time="0.028"/>
  <testcase classname="TestNG_Package.SubscriptionPage" name="ValidateThat_GiftCard_SectionDisplayedSuccessfully" time="0.021"/>
  <testcase classname="TestNG_Package.SubscriptionPage" name="ValidateThatSubscriptionsPageOpensSuccessfully_And_HaveCorrectCountryName" time="3.229"/>
  <testcase classname="TestNG_Package.SubscriptionPage" name="ValidateThat_AddOns_SectionDisplayedSuccessfully" time="0.027"/>
  <testcase classname="TestNG_Package.SubscriptionPage" name="ValidateThat_Classic_PackageDisplayedSuccessfully" time="0.232"/>
  <testcase classname="TestNG_Package.SubscriptionPage" name="ValidateThat_Premium_PackageDisplayedSuccessfully" time="0.118"/>
  <testcase classname="TestNG_Package.SubscriptionPage" name="ValidateThat_AddOns_SectionDisplayedSuccessfully" time="0.028"/>
  <testcase classname="TestNG_Package.SubscriptionPage" name="ValidateThat_Lite_PackageDisplayedSuccessfully" time="0.187"/>
  <testcase classname="TestNG_Package.SubscriptionPage" name="ValidateThat_GiftCard_SectionDisplayedSuccessfully" time="0.028"/>
  <testcase classname="TestNG_Package.SubscriptionPage" name="ValidateThat_Lite_PackageDisplayedSuccessfully" time="0.191"/>
  <testcase classname="TestNG_Package.SubscriptionPage" name="ValidateThatSubscriptionsPageOpensSuccessfully_And_HaveCorrectCountryName" time="2.123"/>
  <testcase classname="TestNG_Package.SubscriptionPage" name="ValidateThat_Classic_PackageDisplayedSuccessfully" time="0.194"/>
  <testcase classname="TestNG_Package.SubscriptionPage" name="ValidateThat_Premium_PackageDisplayedSuccessfully" time="0.127"/>
  <testcase classname="TestNG_Package.SubscriptionPage" name="ValidateThat_Premium_PackageDisplayedSuccessfully" time="0.129"/>
  <testcase classname="TestNG_Package.SubscriptionPage" name="ValidateThat_Premium_PackageDisplayedSuccessfully" time="0.108"/>
  <testcase classname="TestNG_Package.SubscriptionPage" name="ValidateThat_GiftCard_SectionDisplayedSuccessfully" time="0.020"/>
  <testcase classname="TestNG_Package.SubscriptionPage" name="ValidateThatSubscriptionsPageOpensSuccessfully_And_HaveCorrectCountryName" time="0.763"/>
  <testcase classname="TestNG_Package.SubscriptionPage" name="ValidateThat_GiftCard_SectionDisplayedSuccessfully" time="0.029"/>
  <testcase classname="TestNG_Package.SubscriptionPage" name="ValidateThatSubscriptionsPageOpensSuccessfully_And_HaveCorrectCountryName" time="0.770"/>
  <testcase classname="TestNG_Package.SubscriptionPage" name="ValidateThat_Lite_PackageDisplayedSuccessfully" time="0.197"/>
  <testcase classname="TestNG_Package.SubscriptionPage" name="ValidateThat_Classic_PackageDisplayedSuccessfully" time="0.221"/>
  <testcase classname="TestNG_Package.SubscriptionPage" name="ValidateThat_Lite_PackageDisplayedSuccessfully" time="0.141"/>
  <testcase classname="TestNG_Package.SubscriptionPage" name="ValidateThatSubscriptionsPageOpensSuccessfully_And_HaveCorrectCountryName" time="2.717"/>
  <testcase classname="TestNG_Package.SubscriptionPage" name="ValidateThat_AddOns_SectionDisplayedSuccessfully" time="0.073"/>
  <testcase classname="TestNG_Package.SubscriptionPage" name="ValidateThat_Classic_PackageDisplayedSuccessfully" time="0.208"/>
  <testcase classname="TestNG_Package.SubscriptionPage" name="ValidateThat_Lite_PackageDisplayedSuccessfully" time="0.178"/>
  <testcase classname="TestNG_Package.SubscriptionPage" name="ValidateThat_Premium_PackageDisplayedSuccessfully" time="0.123"/>
  <testcase classname="TestNG_Package.SubscriptionPage" name="ValidateThatSubscriptionsPageOpensSuccessfully_And_HaveCorrectCountryName" time="3.053"/>
  <testcase classname="TestNG_Package.SubscriptionPage" name="ValidateThat_AddOns_SectionDisplayedSuccessfully" time="0.032"/>
  <testcase classname="TestNG_Package.SubscriptionPage" name="ValidateThat_Classic_PackageDisplayedSuccessfully" time="0.203"/>
  <testcase classname="TestNG_Package.SubscriptionPage" name="ValidateThat_Lite_PackageDisplayedSuccessfully" time="0.173"/>
  <testcase classname="TestNG_Package.SubscriptionPage" name="ValidateThat_AddOns_SectionDisplayedSuccessfully" time="0.031"/>
  <testcase classname="TestNG_Package.SubscriptionPage" name="ValidateThat_Classic_PackageDisplayedSuccessfully" time="0.197"/>
  <testcase classname="TestNG_Package.SubscriptionPage" name="ValidateThat_Classic_PackageDisplayedSuccessfully" time="0.160"/>
  <testcase classname="TestNG_Package.SubscriptionPage" name="ValidateThat_AddOns_SectionDisplayedSuccessfully" time="0.028"/>
  <testcase classname="TestNG_Package.SubscriptionPage" name="ValidateThat_AddOns_SectionDisplayedSuccessfully" time="0.026"/>
  <testcase classname="TestNG_Package.SubscriptionPage" name="ValidateThat_Lite_PackageDisplayedSuccessfully" time="0.175"/>
  <testcase classname="TestNG_Package.SubscriptionPage" name="ValidateThat_Lite_PackageDisplayedSuccessfully" time="0.158"/>
  <testcase classname="TestNG_Package.SubscriptionPage" name="ValidateThat_Premium_PackageDisplayedSuccessfully" time="0.095"/>
  <testcase classname="TestNG_Package.SubscriptionPage" name="ValidateThatSubscriptionsPageOpensSuccessfully_And_HaveCorrectCountryName" time="2.805"/>
  <testcase classname="TestNG_Package.SubscriptionPage" name="ValidateThat_Classic_PackageDisplayedSuccessfully" time="0.201"/>
  <testcase classname="TestNG_Package.SubscriptionPage" name="ValidateThatSubscriptionsPageOpensSuccessfully_And_HaveCorrectCountryName" time="2.674"/>
  <testcase classname="TestNG_Package.SubscriptionPage" name="ValidateThatSubscriptionsPageOpensSuccessfully_And_HaveCorrectCountryName" time="1.669"/>
  <testcase classname="TestNG_Package.SubscriptionPage" name="ValidateThat_AddOns_SectionDisplayedSuccessfully" time="0.027"/>
  <testcase classname="TestNG_Package.SubscriptionPage" name="ValidateThat_GiftCard_SectionDisplayedSuccessfully" time="0.027"/>
  <testcase classname="TestNG_Package.SubscriptionPage" name="ValidateThat_GiftCard_SectionDisplayedSuccessfully" time="0.029"/>
  <testcase classname="TestNG_Package.SubscriptionPage" name="ValidateThat_Lite_PackageDisplayedSuccessfully" time="0.194"/>
  <testcase classname="TestNG_Package.SubscriptionPage" name="ValidateThat_AddOns_SectionDisplayedSuccessfully" time="0.033"/>
  <testcase classname="TestNG_Package.SubscriptionPage" name="ValidateThat_GiftCard_SectionDisplayedSuccessfully" time="0.022"/>
  <testcase classname="TestNG_Package.SubscriptionPage" name="ValidateThat_Lite_PackageDisplayedSuccessfully" time="0.196"/>
  <testcase classname="TestNG_Package.SubscriptionPage" name="ValidateThat_Premium_PackageDisplayedSuccessfully" time="0.123"/>
  <testcase classname="TestNG_Package.SubscriptionPage" name="ValidateThat_GiftCard_SectionDisplayedSuccessfully" time="0.018"/>
  <testcase classname="TestNG_Package.SubscriptionPage" name="ValidateThat_Classic_PackageDisplayedSuccessfully" time="0.189"/>
  <testcase classname="TestNG_Package.SubscriptionPage" name="ValidateThat_GiftCard_SectionDisplayedSuccessfully" time="0.020"/>
  <testcase classname="TestNG_Package.SubscriptionPage" name="ValidateThat_AddOns_SectionDisplayedSuccessfully" time="0.030"/>
  <testcase classname="TestNG_Package.SubscriptionPage" name="ValidateThat_Lite_PackageDisplayedSuccessfully" time="0.199"/>
  <testcase classname="TestNG_Package.SubscriptionPage" name="ValidateThat_Premium_PackageDisplayedSuccessfully" time="0.121"/>
</testsuite> <!-- TestNG_Package.SubscriptionPage -->
