<?xml version="1.0" encoding="UTF-8"?>
<!-- Generated by org.testng.reporters.JUnitReportReporter -->
<testsuite hostname="NohaHegazy" failures="0" tests="78" name="TestNG_Package.TestRandom" time="17.574" errors="0" timestamp="12 Nov 2023 00:09:20 GMT" skipped="0">
  <testcase classname="TestNG_Package.TestRandom" name="ValidateThatSubscriptionsPageOpensSuccessfully_And_HaveCorrectCountryName" time="0.749"/>
  <testcase classname="TestNG_Package.TestRandom" name="ValidateThatSubscriptionsPageOpensSuccessfully_And_HaveCorrectCountryName" time="0.815"/>
  <testcase classname="TestNG_Package.TestRandom" name="ValidateThat_Lite_PackageDisplayedSuccessfully" time="0.181"/>
  <testcase classname="TestNG_Package.TestRandom" name="ValidateThat_Lite_PackageDisplayedSuccessfully" time="0.169"/>
  <testcase classname="TestNG_Package.TestRandom" name="ValidateThat_AddOns_SectionDisplayedSuccessfully" time="0.032"/>
  <testcase classname="TestNG_Package.TestRandom" name="ValidateThat_Lite_PackageDisplayedSuccessfully" time="0.188"/>
  <testcase classname="TestNG_Package.TestRandom" name="ValidateThat_AddOns_SectionDisplayedSuccessfully" time="0.027"/>
  <testcase classname="TestNG_Package.TestRandom" name="ValidateThat_AddOns_SectionDisplayedSuccessfully" time="0.029"/>
  <testcase classname="TestNG_Package.TestRandom" name="ValidateThat_GiftCard_SectionDisplayedSuccessfully" time="0.017"/>
  <testcase classname="TestNG_Package.TestRandom" name="ValidateThat_GiftCard_SectionDisplayedSuccessfully" time="0.020"/>
  <testcase classname="TestNG_Package.TestRandom" name="ValidateThatSubscriptionsPageOpensSuccessfully_And_HaveCorrectCountryName" time="0.845"/>
  <testcase classname="TestNG_Package.TestRandom" name="ValidateThat_Premium_PackageDisplayedSuccessfully" time="0.146"/>
  <testcase classname="TestNG_Package.TestRandom" name="ValidateThat_Classic_PackageDisplayedSuccessfully" time="0.144"/>
  <testcase classname="TestNG_Package.TestRandom" name="ValidateThat_Classic_PackageDisplayedSuccessfully" time="0.134"/>
  <testcase classname="TestNG_Package.TestRandom" name="ValidateThat_Classic_PackageDisplayedSuccessfully" time="0.149"/>
  <testcase classname="TestNG_Package.TestRandom" name="ValidateThat_AddOns_SectionDisplayedSuccessfully" time="0.029"/>
  <testcase classname="TestNG_Package.TestRandom" name="ValidateThat_Premium_PackageDisplayedSuccessfully" time="0.138"/>
  <testcase classname="TestNG_Package.TestRandom" name="ValidateThat_Lite_PackageDisplayedSuccessfully" time="0.175"/>
  <testcase classname="TestNG_Package.TestRandom" name="ValidateThat_Lite_PackageDisplayedSuccessfully" time="0.169"/>
  <testcase classname="TestNG_Package.TestRandom" name="ValidateThat_Premium_PackageDisplayedSuccessfully" time="0.094"/>
  <testcase classname="TestNG_Package.TestRandom" name="ValidateThat_GiftCard_SectionDisplayedSuccessfully" time="0.021"/>
  <testcase classname="TestNG_Package.TestRandom" name="ValidateThat_AddOns_SectionDisplayedSuccessfully" time="0.029"/>
  <testcase classname="TestNG_Package.TestRandom" name="ValidateThat_GiftCard_SectionDisplayedSuccessfully" time="0.021"/>
  <testcase classname="TestNG_Package.TestRandom" name="ValidateThatSubscriptionsPageOpensSuccessfully_And_HaveCorrectCountryName" time="0.726"/>
  <testcase classname="TestNG_Package.TestRandom" name="ValidateThat_Premium_PackageDisplayedSuccessfully" time="0.113"/>
  <testcase classname="TestNG_Package.TestRandom" name="ValidateThat_GiftCard_SectionDisplayedSuccessfully" time="0.020"/>
  <testcase classname="TestNG_Package.TestRandom" name="ValidateThat_AddOns_SectionDisplayedSuccessfully" time="0.029"/>
  <testcase classname="TestNG_Package.TestRandom" name="ValidateThat_Premium_PackageDisplayedSuccessfully" time="0.131"/>
  <testcase classname="TestNG_Package.TestRandom" name="ValidateThat_Classic_PackageDisplayedSuccessfully" time="0.248"/>
  <testcase classname="TestNG_Package.TestRandom" name="ValidateThat_Premium_PackageDisplayedSuccessfully" time="0.103"/>
  <testcase classname="TestNG_Package.TestRandom" name="ValidateThatSubscriptionsPageOpensSuccessfully_And_HaveCorrectCountryName" time="1.755"/>
  <testcase classname="TestNG_Package.TestRandom" name="ValidateThatSubscriptionsPageOpensSuccessfully_And_HaveCorrectCountryName" time="0.834"/>
  <testcase classname="TestNG_Package.TestRandom" name="ValidateThat_AddOns_SectionDisplayedSuccessfully" time="0.028"/>
  <testcase classname="TestNG_Package.TestRandom" name="ValidateThat_GiftCard_SectionDisplayedSuccessfully" time="0.020"/>
  <testcase classname="TestNG_Package.TestRandom" name="ValidateThat_Classic_PackageDisplayedSuccessfully" time="0.140"/>
  <testcase classname="TestNG_Package.TestRandom" name="ValidateThat_Lite_PackageDisplayedSuccessfully" time="0.150"/>
  <testcase classname="TestNG_Package.TestRandom" name="ValidateThat_Premium_PackageDisplayedSuccessfully" time="0.114"/>
  <testcase classname="TestNG_Package.TestRandom" name="ValidateThat_Classic_PackageDisplayedSuccessfully" time="0.145"/>
  <testcase classname="TestNG_Package.TestRandom" name="ValidateThatSubscriptionsPageOpensSuccessfully_And_HaveCorrectCountryName" time="0.775"/>
  <testcase classname="TestNG_Package.TestRandom" name="ValidateThat_Lite_PackageDisplayedSuccessfully" time="0.185"/>
  <testcase classname="TestNG_Package.TestRandom" name="ValidateThat_Premium_PackageDisplayedSuccessfully" time="0.098"/>
  <testcase classname="TestNG_Package.TestRandom" name="ValidateThat_AddOns_SectionDisplayedSuccessfully" time="0.029"/>
  <testcase classname="TestNG_Package.TestRandom" name="ValidateThat_AddOns_SectionDisplayedSuccessfully" time="0.028"/>
  <testcase classname="TestNG_Package.TestRandom" name="ValidateThat_Lite_PackageDisplayedSuccessfully" time="0.152"/>
  <testcase classname="TestNG_Package.TestRandom" name="ValidateThat_AddOns_SectionDisplayedSuccessfully" time="0.029"/>
  <testcase classname="TestNG_Package.TestRandom" name="ValidateThat_Premium_PackageDisplayedSuccessfully" time="0.092"/>
  <testcase classname="TestNG_Package.TestRandom" name="ValidateThatSubscriptionsPageOpensSuccessfully_And_HaveCorrectCountryName" time="0.785"/>
  <testcase classname="TestNG_Package.TestRandom" name="ValidateThat_GiftCard_SectionDisplayedSuccessfully" time="0.024"/>
  <testcase classname="TestNG_Package.TestRandom" name="ValidateThatSubscriptionsPageOpensSuccessfully_And_HaveCorrectCountryName" time="0.747"/>
  <testcase classname="TestNG_Package.TestRandom" name="ValidateThatSubscriptionsPageOpensSuccessfully_And_HaveCorrectCountryName" time="0.831"/>
  <testcase classname="TestNG_Package.TestRandom" name="ValidateThat_Classic_PackageDisplayedSuccessfully" time="0.165"/>
  <testcase classname="TestNG_Package.TestRandom" name="ValidateThat_Classic_PackageDisplayedSuccessfully" time="0.160"/>
  <testcase classname="TestNG_Package.TestRandom" name="ValidateThat_Lite_PackageDisplayedSuccessfully" time="0.194"/>
  <testcase classname="TestNG_Package.TestRandom" name="ValidateThat_Premium_PackageDisplayedSuccessfully" time="0.146"/>
  <testcase classname="TestNG_Package.TestRandom" name="ValidateThat_Lite_PackageDisplayedSuccessfully" time="0.174"/>
  <testcase classname="TestNG_Package.TestRandom" name="ValidateThatSubscriptionsPageOpensSuccessfully_And_HaveCorrectCountryName" time="0.709"/>
  <testcase classname="TestNG_Package.TestRandom" name="ValidateThat_GiftCard_SectionDisplayedSuccessfully" time="0.021"/>
  <testcase classname="TestNG_Package.TestRandom" name="ValidateThat_AddOns_SectionDisplayedSuccessfully" time="0.028"/>
  <testcase classname="TestNG_Package.TestRandom" name="ValidateThat_GiftCard_SectionDisplayedSuccessfully" time="0.022"/>
  <testcase classname="TestNG_Package.TestRandom" name="ValidateThat_Lite_PackageDisplayedSuccessfully" time="0.170"/>
  <testcase classname="TestNG_Package.TestRandom" name="ValidateThat_Classic_PackageDisplayedSuccessfully" time="0.159"/>
  <testcase classname="TestNG_Package.TestRandom" name="ValidateThat_Premium_PackageDisplayedSuccessfully" time="0.110"/>
  <testcase classname="TestNG_Package.TestRandom" name="ValidateThat_Lite_PackageDisplayedSuccessfully" time="0.140"/>
  <testcase classname="TestNG_Package.TestRandom" name="ValidateThat_Premium_PackageDisplayedSuccessfully" time="0.098"/>
  <testcase classname="TestNG_Package.TestRandom" name="ValidateThat_Classic_PackageDisplayedSuccessfully" time="0.131"/>
  <testcase classname="TestNG_Package.TestRandom" name="ValidateThat_AddOns_SectionDisplayedSuccessfully" time="0.029"/>
  <testcase classname="TestNG_Package.TestRandom" name="ValidateThat_GiftCard_SectionDisplayedSuccessfully" time="0.021"/>
  <testcase classname="TestNG_Package.TestRandom" name="ValidateThat_GiftCard_SectionDisplayedSuccessfully" time="0.018"/>
  <testcase classname="TestNG_Package.TestRandom" name="ValidateThat_Premium_PackageDisplayedSuccessfully" time="0.130"/>
  <testcase classname="TestNG_Package.TestRandom" name="ValidateThatSubscriptionsPageOpensSuccessfully_And_HaveCorrectCountryName" time="0.769"/>
  <testcase classname="TestNG_Package.TestRandom" name="ValidateThat_GiftCard_SectionDisplayedSuccessfully" time="0.018"/>
  <testcase classname="TestNG_Package.TestRandom" name="ValidateThat_Classic_PackageDisplayedSuccessfully" time="0.159"/>
  <testcase classname="TestNG_Package.TestRandom" name="ValidateThat_GiftCard_SectionDisplayedSuccessfully" time="0.024"/>
  <testcase classname="TestNG_Package.TestRandom" name="ValidateThat_Classic_PackageDisplayedSuccessfully" time="0.204"/>
  <testcase classname="TestNG_Package.TestRandom" name="ValidateThat_Classic_PackageDisplayedSuccessfully" time="0.175"/>
  <testcase classname="TestNG_Package.TestRandom" name="ValidateThatSubscriptionsPageOpensSuccessfully_And_HaveCorrectCountryName" time="0.730"/>
  <testcase classname="TestNG_Package.TestRandom" name="ValidateThat_AddOns_SectionDisplayedSuccessfully" time="0.030"/>
  <testcase classname="TestNG_Package.TestRandom" name="ValidateThat_Lite_PackageDisplayedSuccessfully" time="0.188"/>
</testsuite> <!-- TestNG_Package.TestRandom -->
