<?xml version="1.0" encoding="UTF-8"?>
<!-- Generated by org.testng.reporters.JUnitReportReporter -->
<testsuite hostname="NohaHegazy" failures="0" tests="78" name="TestNG_Package.SubscriptionPage" time="14.484" errors="0" timestamp="13 Nov 2023 06:41:59 GMT" skipped="0">
  <testcase classname="TestNG_Package.SubscriptionPage" name="ValidateThat_Classic_PackageDisplayedSuccessfully" time="0.065"/>
  <testcase classname="TestNG_Package.SubscriptionPage" name="ValidateThat_AddOns_SectionDisplayedSuccessfully" time="0.012"/>
  <testcase classname="TestNG_Package.SubscriptionPage" name="ValidateThat_AddOns_SectionDisplayedSuccessfully" time="0.008"/>
  <testcase classname="TestNG_Package.SubscriptionPage" name="ValidateThat_Premium_PackageDisplayedSuccessfully" time="0.050"/>
  <testcase classname="TestNG_Package.SubscriptionPage" name="ValidateThat_Premium_PackageDisplayedSuccessfully" time="0.049"/>
  <testcase classname="TestNG_Package.SubscriptionPage" name="ValidateThat_GiftCard_SectionDisplayedSuccessfully" time="0.010"/>
  <testcase classname="TestNG_Package.SubscriptionPage" name="ValidateThat_Premium_PackageDisplayedSuccessfully" time="0.050"/>
  <testcase classname="TestNG_Package.SubscriptionPage" name="ValidateThat_Premium_PackageDisplayedSuccessfully" time="0.052"/>
  <testcase classname="TestNG_Package.SubscriptionPage" name="ValidateThat_Classic_PackageDisplayedSuccessfully" time="0.068"/>
  <testcase classname="TestNG_Package.SubscriptionPage" name="ValidateThat_Lite_PackageDisplayedSuccessfully" time="0.063"/>
  <testcase classname="TestNG_Package.SubscriptionPage" name="ValidateThatSubscriptionsPageOpensSuccessfully_And_HaveCorrectCountryName" time="1.137"/>
  <testcase classname="TestNG_Package.SubscriptionPage" name="ValidateThat_Classic_PackageDisplayedSuccessfully" time="0.097"/>
  <testcase classname="TestNG_Package.SubscriptionPage" name="ValidateThatSubscriptionsPageOpensSuccessfully_And_HaveCorrectCountryName" time="0.737"/>
  <testcase classname="TestNG_Package.SubscriptionPage" name="ValidateThat_Premium_PackageDisplayedSuccessfully" time="0.050"/>
  <testcase classname="TestNG_Package.SubscriptionPage" name="ValidateThat_Classic_PackageDisplayedSuccessfully" time="0.071"/>
  <testcase classname="TestNG_Package.SubscriptionPage" name="ValidateThat_Classic_PackageDisplayedSuccessfully" time="0.137"/>
  <testcase classname="TestNG_Package.SubscriptionPage" name="ValidateThat_Premium_PackageDisplayedSuccessfully" time="0.047"/>
  <testcase classname="TestNG_Package.SubscriptionPage" name="ValidateThat_GiftCard_SectionDisplayedSuccessfully" time="0.011"/>
  <testcase classname="TestNG_Package.SubscriptionPage" name="ValidateThat_Lite_PackageDisplayedSuccessfully" time="0.064"/>
  <testcase classname="TestNG_Package.SubscriptionPage" name="ValidateThat_Premium_PackageDisplayedSuccessfully" time="0.051"/>
  <testcase classname="TestNG_Package.SubscriptionPage" name="ValidateThat_Classic_PackageDisplayedSuccessfully" time="0.068"/>
  <testcase classname="TestNG_Package.SubscriptionPage" name="ValidateThat_AddOns_SectionDisplayedSuccessfully" time="0.014"/>
  <testcase classname="TestNG_Package.SubscriptionPage" name="ValidateThat_Classic_PackageDisplayedSuccessfully" time="0.086"/>
  <testcase classname="TestNG_Package.SubscriptionPage" name="ValidateThat_Lite_PackageDisplayedSuccessfully" time="0.074"/>
  <testcase classname="TestNG_Package.SubscriptionPage" name="ValidateThat_Premium_PackageDisplayedSuccessfully" time="0.049"/>
  <testcase classname="TestNG_Package.SubscriptionPage" name="ValidateThat_GiftCard_SectionDisplayedSuccessfully" time="0.009"/>
  <testcase classname="TestNG_Package.SubscriptionPage" name="ValidateThat_GiftCard_SectionDisplayedSuccessfully" time="0.012"/>
  <testcase classname="TestNG_Package.SubscriptionPage" name="ValidateThat_Lite_PackageDisplayedSuccessfully" time="0.064"/>
  <testcase classname="TestNG_Package.SubscriptionPage" name="ValidateThat_GiftCard_SectionDisplayedSuccessfully" time="0.008"/>
  <testcase classname="TestNG_Package.SubscriptionPage" name="ValidateThat_Lite_PackageDisplayedSuccessfully" time="0.064"/>
  <testcase classname="TestNG_Package.SubscriptionPage" name="ValidateThat_Premium_PackageDisplayedSuccessfully" time="0.066"/>
  <testcase classname="TestNG_Package.SubscriptionPage" name="ValidateThat_AddOns_SectionDisplayedSuccessfully" time="0.010"/>
  <testcase classname="TestNG_Package.SubscriptionPage" name="ValidateThat_Classic_PackageDisplayedSuccessfully" time="0.078"/>
  <testcase classname="TestNG_Package.SubscriptionPage" name="ValidateThat_Lite_PackageDisplayedSuccessfully" time="0.064"/>
  <testcase classname="TestNG_Package.SubscriptionPage" name="ValidateThatSubscriptionsPageOpensSuccessfully_And_HaveCorrectCountryName" time="0.802"/>
  <testcase classname="TestNG_Package.SubscriptionPage" name="ValidateThat_Lite_PackageDisplayedSuccessfully" time="0.070"/>
  <testcase classname="TestNG_Package.SubscriptionPage" name="ValidateThat_Lite_PackageDisplayedSuccessfully" time="0.063"/>
  <testcase classname="TestNG_Package.SubscriptionPage" name="ValidateThatSubscriptionsPageOpensSuccessfully_And_HaveCorrectCountryName" time="0.860"/>
  <testcase classname="TestNG_Package.SubscriptionPage" name="ValidateThat_Lite_PackageDisplayedSuccessfully" time="0.068"/>
  <testcase classname="TestNG_Package.SubscriptionPage" name="ValidateThatSubscriptionsPageOpensSuccessfully_And_HaveCorrectCountryName" time="0.859"/>
  <testcase classname="TestNG_Package.SubscriptionPage" name="ValidateThat_AddOns_SectionDisplayedSuccessfully" time="0.008"/>
  <testcase classname="TestNG_Package.SubscriptionPage" name="ValidateThat_Classic_PackageDisplayedSuccessfully" time="0.086"/>
  <testcase classname="TestNG_Package.SubscriptionPage" name="ValidateThat_AddOns_SectionDisplayedSuccessfully" time="0.008"/>
  <testcase classname="TestNG_Package.SubscriptionPage" name="ValidateThatSubscriptionsPageOpensSuccessfully_And_HaveCorrectCountryName" time="1.479"/>
  <testcase classname="TestNG_Package.SubscriptionPage" name="ValidateThat_AddOns_SectionDisplayedSuccessfully" time="0.010"/>
  <testcase classname="TestNG_Package.SubscriptionPage" name="ValidateThatSubscriptionsPageOpensSuccessfully_And_HaveCorrectCountryName" time="0.920"/>
  <testcase classname="TestNG_Package.SubscriptionPage" name="ValidateThatSubscriptionsPageOpensSuccessfully_And_HaveCorrectCountryName" time="0.630"/>
  <testcase classname="TestNG_Package.SubscriptionPage" name="ValidateThat_Premium_PackageDisplayedSuccessfully" time="0.056"/>
  <testcase classname="TestNG_Package.SubscriptionPage" name="ValidateThatSubscriptionsPageOpensSuccessfully_And_HaveCorrectCountryName" time="0.862"/>
  <testcase classname="TestNG_Package.SubscriptionPage" name="ValidateThat_GiftCard_SectionDisplayedSuccessfully" time="0.008"/>
  <testcase classname="TestNG_Package.SubscriptionPage" name="ValidateThat_Classic_PackageDisplayedSuccessfully" time="0.079"/>
  <testcase classname="TestNG_Package.SubscriptionPage" name="ValidateThat_Classic_PackageDisplayedSuccessfully" time="0.067"/>
  <testcase classname="TestNG_Package.SubscriptionPage" name="ValidateThat_GiftCard_SectionDisplayedSuccessfully" time="0.010"/>
  <testcase classname="TestNG_Package.SubscriptionPage" name="ValidateThat_AddOns_SectionDisplayedSuccessfully" time="0.011"/>
  <testcase classname="TestNG_Package.SubscriptionPage" name="ValidateThat_Classic_PackageDisplayedSuccessfully" time="0.069"/>
  <testcase classname="TestNG_Package.SubscriptionPage" name="ValidateThat_AddOns_SectionDisplayedSuccessfully" time="0.012"/>
  <testcase classname="TestNG_Package.SubscriptionPage" name="ValidateThat_GiftCard_SectionDisplayedSuccessfully" time="0.009"/>
  <testcase classname="TestNG_Package.SubscriptionPage" name="ValidateThat_AddOns_SectionDisplayedSuccessfully" time="0.012"/>
  <testcase classname="TestNG_Package.SubscriptionPage" name="ValidateThat_GiftCard_SectionDisplayedSuccessfully" time="0.009"/>
  <testcase classname="TestNG_Package.SubscriptionPage" name="ValidateThat_Lite_PackageDisplayedSuccessfully" time="0.063"/>
  <testcase classname="TestNG_Package.SubscriptionPage" name="ValidateThat_GiftCard_SectionDisplayedSuccessfully" time="0.007"/>
  <testcase classname="TestNG_Package.SubscriptionPage" name="ValidateThat_Premium_PackageDisplayedSuccessfully" time="0.051"/>
  <testcase classname="TestNG_Package.SubscriptionPage" name="ValidateThat_AddOns_SectionDisplayedSuccessfully" time="0.008"/>
  <testcase classname="TestNG_Package.SubscriptionPage" name="ValidateThat_GiftCard_SectionDisplayedSuccessfully" time="0.011"/>
  <testcase classname="TestNG_Package.SubscriptionPage" name="ValidateThatSubscriptionsPageOpensSuccessfully_And_HaveCorrectCountryName" time="1.147"/>
  <testcase classname="TestNG_Package.SubscriptionPage" name="ValidateThatSubscriptionsPageOpensSuccessfully_And_HaveCorrectCountryName" time="0.629"/>
  <testcase classname="TestNG_Package.SubscriptionPage" name="ValidateThat_GiftCard_SectionDisplayedSuccessfully" time="0.009"/>
  <testcase classname="TestNG_Package.SubscriptionPage" name="ValidateThat_Premium_PackageDisplayedSuccessfully" time="0.051"/>
  <testcase classname="TestNG_Package.SubscriptionPage" name="ValidateThat_Lite_PackageDisplayedSuccessfully" time="0.072"/>
  <testcase classname="TestNG_Package.SubscriptionPage" name="ValidateThat_AddOns_SectionDisplayedSuccessfully" time="0.010"/>
  <testcase classname="TestNG_Package.SubscriptionPage" name="ValidateThat_GiftCard_SectionDisplayedSuccessfully" time="0.008"/>
  <testcase classname="TestNG_Package.SubscriptionPage" name="ValidateThat_Lite_PackageDisplayedSuccessfully" time="0.070"/>
  <testcase classname="TestNG_Package.SubscriptionPage" name="ValidateThat_Classic_PackageDisplayedSuccessfully" time="0.065"/>
  <testcase classname="TestNG_Package.SubscriptionPage" name="ValidateThat_Premium_PackageDisplayedSuccessfully" time="0.053"/>
  <testcase classname="TestNG_Package.SubscriptionPage" name="ValidateThat_Lite_PackageDisplayedSuccessfully" time="0.082"/>
  <testcase classname="TestNG_Package.SubscriptionPage" name="ValidateThatSubscriptionsPageOpensSuccessfully_And_HaveCorrectCountryName" time="0.688"/>
  <testcase classname="TestNG_Package.SubscriptionPage" name="ValidateThat_AddOns_SectionDisplayedSuccessfully" time="0.011"/>
  <testcase classname="TestNG_Package.SubscriptionPage" name="ValidateThatSubscriptionsPageOpensSuccessfully_And_HaveCorrectCountryName" time="0.887"/>
</testsuite> <!-- TestNG_Package.SubscriptionPage -->
